This file contains any messages produced by compilers while
running configure, to aid debugging if configure makes a mistake.

It was created by libltc configure -, which was
generated by GNU Autoconf 2.69.  Invocation command line was

  $ ./configure --prefix=/usr/local/lib/erlang/lib

## --------- ##
## Platform. ##
## --------- ##

hostname = ChihYenMacBook-745.local
uname -m = x86_64
uname -r = 18.6.0
uname -s = Darwin
uname -v = Darwin Kernel Version 18.6.0: Thu Apr 25 23:16:27 PDT 2019; root:xnu-4903.261.4~2/RELEASE_X86_64

/usr/bin/uname -p = i386
/bin/uname -X     = unknown

/bin/arch              = unknown
/usr/bin/arch -k       = unknown
/usr/convex/getsysinfo = unknown
/usr/bin/hostinfo      = Mach kernel version:
	 Darwin Kernel Version 18.6.0: Thu Apr 25 23:16:27 PDT 2019; root:xnu-4903.261.4~2/RELEASE_X86_64
Kernel configured for up to 8 processors.
4 processors are physically available.
8 processors are logically available.
Processor type: x86_64h (Intel x86-64h Haswell)
Processors active: 0 1 2 3 4 5 6 7
Primary memory available: 16.00 gigabytes
Default processor set: 397 tasks, 1903 threads, 8 processors
Load average: 1.25, Mach factor: 6.74
/bin/machine           = unknown
/usr/bin/oslevel       = unknown
/bin/universe          = unknown

PATH: /Users/yen/google-cloud-sdk/bin
PATH: /usr/local/bin
PATH: /usr/bin
PATH: /bin
PATH: /usr/sbin
PATH: /sbin
PATH: /Library/Frameworks/Mono.framework/Versions/5.16.0/bin
PATH: /Users/yen/Desktop/protoc-3.11.0-rc-2-osx-x86_64/bin


## ----------- ##
## Core tests. ##
## ----------- ##

configure:2234: checking for sed
configure:2253: found /usr/bin/sed
configure:2266: result: /usr/bin/sed
configure:2278: checking libltc version
configure:2281: result: 1.3.1
configure:2328: checking build system type
configure:2342: result: x86_64-apple-darwin18.6.0
configure:2362: checking host system type
configure:2375: result: x86_64-apple-darwin18.6.0
configure:2395: checking target system type
configure:2408: result: x86_64-apple-darwin18.6.0
configure:2452: checking for a BSD-compatible install
configure:2520: result: /usr/bin/install -c
configure:2531: checking whether build environment is sane
configure:2586: result: yes
configure:2737: checking for a thread-safe mkdir -p
configure:2776: result: ./install-sh -c -d
configure:2783: checking for gawk
configure:2813: result: no
configure:2783: checking for mawk
configure:2813: result: no
configure:2783: checking for nawk
configure:2813: result: no
configure:2783: checking for awk
configure:2799: found /usr/bin/awk
configure:2810: result: awk
configure:2821: checking whether make sets $(MAKE)
configure:2843: result: yes
configure:2872: checking whether make supports nested variables
configure:2889: result: yes
configure:3070: checking for gcc
configure:3086: found /usr/bin/gcc
configure:3097: result: gcc
configure:3326: checking for C compiler version
configure:3335: gcc --version >&5
Apple clang version 11.0.0 (clang-1100.0.33.16)
Target: x86_64-apple-darwin18.6.0
Thread model: posix
InstalledDir: /Users/yen/Desktop/Xcode.app/Contents/Developer/Toolchains/XcodeDefault.xctoolchain/usr/bin
Configured with: --prefix=/Users/yen/Desktop/Xcode.app/Contents/Developer/usr --with-gxx-include-dir=/Library/Developer/CommandLineTools/SDKs/MacOSX.sdk/usr/include/c++/4.2.1
configure:3346: $? = 0
configure:3335: gcc -v >&5
Configured with: --prefix=/Users/yen/Desktop/Xcode.app/Contents/Developer/usr --with-gxx-include-dir=/Library/Developer/CommandLineTools/SDKs/MacOSX.sdk/usr/include/c++/4.2.1
Apple clang version 11.0.0 (clang-1100.0.33.16)
Target: x86_64-apple-darwin18.6.0
Thread model: posix
InstalledDir: /Users/yen/Desktop/Xcode.app/Contents/Developer/Toolchains/XcodeDefault.xctoolchain/usr/bin
configure:3346: $? = 0
configure:3335: gcc -V >&5
clang: error: unsupported option '-V -Wno-framework-include-private-from-public'
clang: error: no input files
configure:3346: $? = 1
configure:3335: gcc -qversion >&5
clang: error: unknown argument '-qversion', did you mean '--version'?
clang: error: no input files
configure:3346: $? = 1
configure:3366: checking whether the C compiler works
configure:3388: gcc    conftest.c  >&5
configure:3392: $? = 0
configure:3440: result: yes
configure:3443: checking for C compiler default output file name
configure:3445: result: a.out
configure:3451: checking for suffix of executables
configure:3458: gcc -o conftest    conftest.c  >&5
configure:3462: $? = 0
configure:3484: result: 
configure:3506: checking whether we are cross compiling
configure:3514: gcc -o conftest    conftest.c  >&5
configure:3518: $? = 0
configure:3525: ./conftest
configure:3529: $? = 0
configure:3544: result: no
configure:3549: checking for suffix of object files
configure:3571: gcc -c   conftest.c >&5
configure:3575: $? = 0
configure:3596: result: o
configure:3600: checking whether we are using the GNU C compiler
configure:3619: gcc -c   conftest.c >&5
configure:3619: $? = 0
configure:3628: result: yes
configure:3637: checking whether gcc accepts -g
configure:3657: gcc -c -g  conftest.c >&5
configure:3657: $? = 0
configure:3698: result: yes
configure:3715: checking for gcc option to accept ISO C89
configure:3778: gcc  -c -g -O2  conftest.c >&5
configure:3778: $? = 0
configure:3791: result: none needed
configure:3816: checking whether gcc understands -c and -o together
configure:3838: gcc -c conftest.c -o conftest2.o
configure:3841: $? = 0
configure:3838: gcc -c conftest.c -o conftest2.o
configure:3841: $? = 0
configure:3853: result: yes
configure:3873: checking whether make supports the include directive
configure:3888: make -f confmf.GNU && cat confinc.out
this is the am__doit target
configure:3891: $? = 0
configure:3910: result: yes (GNU style)
configure:3935: checking dependency style of gcc
configure:4046: result: gcc3
configure:4061: checking whether make sets $(MAKE)
configure:4083: result: yes
configure:4092: checking whether ln -s works
configure:4096: result: yes
configure:4149: checking how to print strings
configure:4176: result: printf
configure:4197: checking for a sed that does not truncate output
configure:4261: result: /usr/bin/sed
configure:4279: checking for grep that handles long lines and -e
configure:4337: result: /usr/bin/grep
configure:4342: checking for egrep
configure:4404: result: /usr/bin/grep -E
configure:4409: checking for fgrep
configure:4471: result: /usr/bin/grep -F
configure:4506: checking for ld used by gcc
configure:4573: result: /Users/yen/Desktop/Xcode.app/Contents/Developer/Toolchains/XcodeDefault.xctoolchain/usr/bin/ld
configure:4580: checking if the linker (/Users/yen/Desktop/Xcode.app/Contents/Developer/Toolchains/XcodeDefault.xctoolchain/usr/bin/ld) is GNU ld
configure:4595: result: no
configure:4607: checking for BSD- or MS-compatible name lister (nm)
configure:4661: result: /usr/bin/nm -B
configure:4791: checking the name lister (/usr/bin/nm -B) interface
configure:4798: gcc -c -g -O2  conftest.c >&5
configure:4801: /usr/bin/nm -B "conftest.o"
configure:4804: output
0000000000000214 S _some_variable
configure:4811: result: BSD nm
configure:4815: checking the maximum length of command line arguments
configure:4946: result: 196608
configure:4994: checking how to convert x86_64-apple-darwin18.6.0 file names to x86_64-apple-darwin18.6.0 format
configure:5034: result: func_convert_file_noop
configure:5041: checking how to convert x86_64-apple-darwin18.6.0 file names to toolchain format
configure:5061: result: func_convert_file_noop
configure:5068: checking for /Users/yen/Desktop/Xcode.app/Contents/Developer/Toolchains/XcodeDefault.xctoolchain/usr/bin/ld option to reload object files
configure:5075: result: -r
configure:5149: checking for objdump
configure:5165: found /usr/bin/objdump
configure:5176: result: objdump
configure:5208: checking how to recognize dependent libraries
configure:5408: result: pass_all
configure:5493: checking for dlltool
configure:5523: result: no
configure:5553: checking how to associate runtime and link libraries
configure:5580: result: printf %s\n
configure:5641: checking for ar
configure:5657: found /usr/bin/ar
configure:5668: result: ar
configure:5705: checking for archiver @FILE support
configure:5722: gcc -c -g -O2  conftest.c >&5
configure:5722: $? = 0
configure:5725: ar cru libconftest.a @conftest.lst >&5
ar: @conftest.lst: No such file or directory
configure:5728: $? = 1
configure:5748: result: no
configure:5806: checking for strip
configure:5822: found /usr/bin/strip
configure:5833: result: strip
configure:5905: checking for ranlib
configure:5921: found /usr/bin/ranlib
configure:5932: result: ranlib
configure:6034: checking command to parse /usr/bin/nm -B output from gcc object
configure:6187: gcc -c -g -O2  conftest.c >&5
configure:6190: $? = 0
configure:6194: /usr/bin/nm -B conftest.o \| sed -n -e 's/^.*[ ]\([BCDEGRST][BCDEGRST]*\)[ ][ ]*\([_A-Za-z][_A-Za-z0-9]*\)$/\1 \2 \2/p' | sed '/ __gnu_lto/d' \> conftest.nm
configure:6197: $? = 0
cannot find nm_test_var in conftest.nm
configure:6187: gcc -c -g -O2  conftest.c >&5
configure:6190: $? = 0
configure:6194: /usr/bin/nm -B conftest.o \| sed -n -e 's/^.*[ ]\([BCDEGRST][BCDEGRST]*\)[ ][ ]*_\([_A-Za-z][_A-Za-z0-9]*\)$/\1 _\2 \2/p' | sed '/ __gnu_lto/d' \> conftest.nm
configure:6197: $? = 0
configure:6263: gcc -o conftest -g -O2   conftest.c conftstm.o >&5
warning: (x86_64)  could not find object file symbol for symbol _main
configure:6266: $? = 0
configure:6304: result: ok
configure:6351: checking for sysroot
configure:6381: result: no
configure:6388: checking for a working dd
configure:6426: result: /bin/dd
configure:6430: checking how to truncate binary pipes
configure:6445: result: /bin/dd bs=4096 count=1
configure:6774: checking for mt
configure:6804: result: no
configure:6824: checking if : is a manifest tool
configure:6830: : '-?'
configure:6838: result: no
configure:6894: checking for dsymutil
configure:6910: found /usr/bin/dsymutil
configure:6921: result: dsymutil
configure:6986: checking for nmedit
configure:7002: found /usr/bin/nmedit
configure:7013: result: nmedit
configure:7078: checking for lipo
configure:7094: found /usr/bin/lipo
configure:7105: result: lipo
configure:7170: checking for otool
configure:7186: found /usr/bin/otool
configure:7197: result: otool
configure:7262: checking for otool64
configure:7292: result: no
configure:7337: checking for -single_module linker flag
gcc -g -O2  -o libconftest.dylib -dynamiclib -Wl,-single_module conftest.c
configure:7370: result: yes
configure:7373: checking for -exported_symbols_list linker flag
configure:7393: gcc -o conftest -g -O2   -Wl,-exported_symbols_list,conftest.sym conftest.c  >&5
configure:7393: $? = 0
configure:7403: result: yes
configure:7406: checking for -force_load linker flag
gcc -g -O2 -c -o conftest.o conftest.c
ar cru libconftest.a conftest.o
ranlib libconftest.a
gcc -g -O2  -o conftest conftest.c -Wl,-force_load,./libconftest.a
configure:7438: result: yes
configure:7515: checking how to run the C preprocessor
configure:7546: gcc -E  conftest.c
configure:7546: $? = 0
configure:7560: gcc -E  conftest.c
conftest.c:11:10: fatal error: 'ac_nonexistent.h' file not found
#include <ac_nonexistent.h>
         ^~~~~~~~~~~~~~~~~~
1 error generated.
configure:7560: $? = 1
configure: failed program was:
| /* confdefs.h */
| #define PACKAGE_NAME "libltc"
| #define PACKAGE_TARNAME "libltc"
| #define PACKAGE_VERSION "-"
| #define PACKAGE_STRING "libltc -"
| #define PACKAGE_BUGREPORT "robin@gareus.org"
| #define PACKAGE_URL "http://x42.github.com/libltc/"
| #define PACKAGE "libltc"
| #define VERSION "1.3.1"
| /* end confdefs.h.  */
| #include <ac_nonexistent.h>
configure:7585: result: gcc -E
configure:7605: gcc -E  conftest.c
configure:7605: $? = 0
configure:7619: gcc -E  conftest.c
conftest.c:11:10: fatal error: 'ac_nonexistent.h' file not found
#include <ac_nonexistent.h>
         ^~~~~~~~~~~~~~~~~~
1 error generated.
configure:7619: $? = 1
configure: failed program was:
| /* confdefs.h */
| #define PACKAGE_NAME "libltc"
| #define PACKAGE_TARNAME "libltc"
| #define PACKAGE_VERSION "-"
| #define PACKAGE_STRING "libltc -"
| #define PACKAGE_BUGREPORT "robin@gareus.org"
| #define PACKAGE_URL "http://x42.github.com/libltc/"
| #define PACKAGE "libltc"
| #define VERSION "1.3.1"
| /* end confdefs.h.  */
| #include <ac_nonexistent.h>
configure:7648: checking for ANSI C header files
configure:7668: gcc -c -g -O2  conftest.c >&5
configure:7668: $? = 0
configure:7741: gcc -o conftest -g -O2   conftest.c  >&5
configure:7741: $? = 0
configure:7741: ./conftest
configure:7741: $? = 0
configure:7752: result: yes
configure:7765: checking for sys/types.h
configure:7765: gcc -c -g -O2  conftest.c >&5
configure:7765: $? = 0
configure:7765: result: yes
configure:7765: checking for sys/stat.h
configure:7765: gcc -c -g -O2  conftest.c >&5
configure:7765: $? = 0
configure:7765: result: yes
configure:7765: checking for stdlib.h
configure:7765: gcc -c -g -O2  conftest.c >&5
configure:7765: $? = 0
configure:7765: result: yes
configure:7765: checking for string.h
configure:7765: gcc -c -g -O2  conftest.c >&5
configure:7765: $? = 0
configure:7765: result: yes
configure:7765: checking for memory.h
configure:7765: gcc -c -g -O2  conftest.c >&5
configure:7765: $? = 0
configure:7765: result: yes
configure:7765: checking for strings.h
configure:7765: gcc -c -g -O2  conftest.c >&5
configure:7765: $? = 0
configure:7765: result: yes
configure:7765: checking for inttypes.h
configure:7765: gcc -c -g -O2  conftest.c >&5
configure:7765: $? = 0
configure:7765: result: yes
configure:7765: checking for stdint.h
configure:7765: gcc -c -g -O2  conftest.c >&5
configure:7765: $? = 0
configure:7765: result: yes
configure:7765: checking for unistd.h
configure:7765: gcc -c -g -O2  conftest.c >&5
configure:7765: $? = 0
configure:7765: result: yes
configure:7779: checking for dlfcn.h
configure:7779: gcc -c -g -O2  conftest.c >&5
configure:7779: $? = 0
configure:7779: result: yes
configure:8035: checking for objdir
configure:8050: result: .libs
configure:8310: checking if gcc supports -fno-rtti -fno-exceptions
configure:8328: gcc -c -g -O2  -fno-rtti -fno-exceptions conftest.c >&5
configure:8332: $? = 0
configure:8345: result: yes
configure:8703: checking for gcc option to produce PIC
configure:8710: result: -fno-common -DPIC
configure:8718: checking if gcc PIC flag -fno-common -DPIC works
configure:8736: gcc -c -g -O2  -fno-common -DPIC -DPIC conftest.c >&5
configure:8740: $? = 0
configure:8753: result: yes
configure:8782: checking if gcc static flag -static works
configure:8810: result: no
configure:8825: checking if gcc supports -c -o file.o
configure:8846: gcc -c -g -O2  -o out/conftest2.o conftest.c >&5
configure:8850: $? = 0
configure:8872: result: yes
configure:8880: checking if gcc supports -c -o file.o
configure:8927: result: yes
configure:8960: checking whether the gcc linker (/Users/yen/Desktop/Xcode.app/Contents/Developer/Toolchains/XcodeDefault.xctoolchain/usr/bin/ld) supports shared libraries
configure:10219: result: yes
configure:10459: checking dynamic linker characteristics
configure:11277: result: darwin18.6.0 dyld
configure:11399: checking how to hardcode library paths into programs
configure:11424: result: immediate
configure:11972: checking whether stripping libraries is possible
configure:11986: result: yes
configure:12012: checking if libtool supports shared libraries
configure:12014: result: yes
configure:12017: checking whether to build shared libraries
configure:12042: result: yes
configure:12045: checking whether to build static libraries
configure:12049: result: yes
configure:12426: checking stdio.h usability
configure:12426: gcc -c -g -O2  conftest.c >&5
configure:12426: $? = 0
configure:12426: result: yes
configure:12426: checking stdio.h presence
configure:12426: gcc -E  conftest.c
configure:12426: $? = 0
configure:12426: result: yes
configure:12426: checking for stdio.h
configure:12426: result: yes
configure:12426: checking for stdlib.h
configure:12426: result: yes
configure:12426: checking for string.h
configure:12426: result: yes
configure:12426: checking for unistd.h
configure:12426: result: yes
configure:12426: checking math.h usability
configure:12426: gcc -c -g -O2  conftest.c >&5
configure:12426: $? = 0
configure:12426: result: yes
configure:12426: checking math.h presence
configure:12426: gcc -E  conftest.c
configure:12426: $? = 0
configure:12426: result: yes
configure:12426: checking for math.h
configure:12426: result: yes
configure:12426: checking for stdint.h
configure:12426: result: yes
configure:12440: checking for doxygen
configure:12471: result: no
configure:12603: checking that generated files are newer than configure
configure:12609: result: done
configure:12632: creating ./config.status

## ---------------------- ##
## Running config.status. ##
## ---------------------- ##

This file was extended by libltc config.status -, which was
generated by GNU Autoconf 2.69.  Invocation command line was

  CONFIG_FILES    = 
  CONFIG_HEADERS  = 
  CONFIG_LINKS    = 
  CONFIG_COMMANDS = 
  $ ./config.status 

on ChihYenMacBook-745.local

config.status:1105: creating Makefile
config.status:1105: creating src/Makefile
config.status:1105: creating doc/Makefile
config.status:1105: creating tests/Makefile
config.status:1105: creating ltc.pc
config.status:1105: creating Doxyfile
config.status:1105: creating src/config.h
config.status:1334: executing tests/atconfig commands
config.status:1334: executing depfiles commands
config.status:1434: cd src       && sed -e '/# am--include-marker/d' Makefile         | make -f - am--depfiles
config.status:1439: $? = 0
config.status:1434: cd tests       && sed -e '/# am--include-marker/d' Makefile         | make -f - am--depfiles
config.status:1439: $? = 0
config.status:1334: executing libtool commands
configure:14827:

 libltc configured:
 -----------------------

  version:             1.3.1
  interface revision:  12:0:1

  doxygen:             no
  installation prefix: /usr/local/lib/erlang/lib

 type "make" followed my "make install" as root.
 run "make check" to perform selftests.
 


## ---------------- ##
## Cache variables. ##
## ---------------- ##

ac_cv_build=x86_64-apple-darwin18.6.0
ac_cv_c_compiler_gnu=yes
ac_cv_env_CC_set=
ac_cv_env_CC_value=
ac_cv_env_CFLAGS_set=
ac_cv_env_CFLAGS_value=
ac_cv_env_CPPFLAGS_set=
ac_cv_env_CPPFLAGS_value=
ac_cv_env_CPP_set=
ac_cv_env_CPP_value=
ac_cv_env_DOXYGEN_set=
ac_cv_env_DOXYGEN_value=
ac_cv_env_LDFLAGS_set=
ac_cv_env_LDFLAGS_value=
ac_cv_env_LIBS_set=
ac_cv_env_LIBS_value=
ac_cv_env_LT_SYS_LIBRARY_PATH_set=
ac_cv_env_LT_SYS_LIBRARY_PATH_value=
ac_cv_env_build_alias_set=
ac_cv_env_build_alias_value=
ac_cv_env_host_alias_set=
ac_cv_env_host_alias_value=
ac_cv_env_target_alias_set=
ac_cv_env_target_alias_value=
ac_cv_header_dlfcn_h=yes
ac_cv_header_inttypes_h=yes
ac_cv_header_math_h=yes
ac_cv_header_memory_h=yes
ac_cv_header_stdc=yes
ac_cv_header_stdint_h=yes
ac_cv_header_stdio_h=yes
ac_cv_header_stdlib_h=yes
ac_cv_header_string_h=yes
ac_cv_header_strings_h=yes
ac_cv_header_sys_stat_h=yes
ac_cv_header_sys_types_h=yes
ac_cv_header_unistd_h=yes
ac_cv_host=x86_64-apple-darwin18.6.0
ac_cv_objext=o
ac_cv_path_DOXYGEN=no
ac_cv_path_EGREP='/usr/bin/grep -E'
ac_cv_path_FGREP='/usr/bin/grep -F'
ac_cv_path_GREP=/usr/bin/grep
ac_cv_path_SED=/usr/bin/sed
ac_cv_path_install='/usr/bin/install -c'
ac_cv_path_lt_DD=/bin/dd
ac_cv_prog_AWK=awk
ac_cv_prog_CPP='gcc -E'
ac_cv_prog_ac_ct_AR=ar
ac_cv_prog_ac_ct_CC=gcc
ac_cv_prog_ac_ct_DSYMUTIL=dsymutil
ac_cv_prog_ac_ct_LIPO=lipo
ac_cv_prog_ac_ct_NMEDIT=nmedit
ac_cv_prog_ac_ct_OBJDUMP=objdump
ac_cv_prog_ac_ct_OTOOL=otool
ac_cv_prog_ac_ct_RANLIB=ranlib
ac_cv_prog_ac_ct_STRIP=strip
ac_cv_prog_cc_c89=
ac_cv_prog_cc_g=yes
ac_cv_prog_make_make_set=yes
ac_cv_target=x86_64-apple-darwin18.6.0
am_cv_CC_dependencies_compiler_type=gcc3
am_cv_make_support_nested_variables=yes
am_cv_prog_cc_c_o=yes
lt_cv_apple_cc_single_mod=yes
lt_cv_ar_at_file=no
lt_cv_deplibs_check_method=pass_all
lt_cv_file_magic_cmd='$MAGIC_CMD'
lt_cv_file_magic_test_file=
lt_cv_ld_exported_symbols_list=yes
lt_cv_ld_force_load=yes
lt_cv_ld_reload_flag=-r
lt_cv_nm_interface='BSD nm'
lt_cv_objdir=.libs
lt_cv_path_LD=/Users/yen/Desktop/Xcode.app/Contents/Developer/Toolchains/XcodeDefault.xctoolchain/usr/bin/ld
lt_cv_path_NM='/usr/bin/nm -B'
lt_cv_path_mainfest_tool=no
lt_cv_prog_compiler_c_o=yes
lt_cv_prog_compiler_pic='-fno-common -DPIC'
lt_cv_prog_compiler_pic_works=yes
lt_cv_prog_compiler_rtti_exceptions=yes
lt_cv_prog_compiler_static_works=no
lt_cv_prog_gnu_ld=no
lt_cv_sharedlib_from_linklib_cmd='printf %s\n'
lt_cv_sys_global_symbol_pipe='sed -n -e '\''s/^.*[	 ]\([BCDEGRST][BCDEGRST]*\)[	 ][	 ]*_\([_A-Za-z][_A-Za-z0-9]*\)$/\1 _\2 \2/p'\'' | sed '\''/ __gnu_lto/d'\'''
lt_cv_sys_global_symbol_to_c_name_address='sed -n -e '\''s/^: \(.*\) .*$/  {"\1", (void *) 0},/p'\'' -e '\''s/^[BCDEGRST][BCDEGRST]* .* \(.*\)$/  {"\1", (void *) \&\1},/p'\'''
lt_cv_sys_global_symbol_to_c_name_address_lib_prefix='sed -n -e '\''s/^: \(.*\) .*$/  {"\1", (void *) 0},/p'\'' -e '\''s/^[BCDEGRST][BCDEGRST]* .* \(lib.*\)$/  {"\1", (void *) \&\1},/p'\'' -e '\''s/^[BCDEGRST][BCDEGRST]* .* \(.*\)$/  {"lib\1", (void *) \&\1},/p'\'''
lt_cv_sys_global_symbol_to_cdecl='sed -n -e '\''s/^T .* \(.*\)$/extern int \1();/p'\'' -e '\''s/^[BCDEGRST][BCDEGRST]* .* \(.*\)$/extern char \1;/p'\'''
lt_cv_sys_global_symbol_to_import=
lt_cv_sys_max_cmd_len=196608
lt_cv_to_host_file_cmd=func_convert_file_noop
lt_cv_to_tool_file_cmd=func_convert_file_noop
lt_cv_truncate_bin='/bin/dd bs=4096 count=1'

## ----------------- ##
## Output variables. ##
## ----------------- ##

ACLOCAL='${SHELL} /Users/yen/Desktop/libltc-1.3.1/missing aclocal-1.16'
AMDEPBACKSLASH='\'
AMDEP_FALSE='#'
AMDEP_TRUE=''
AMTAR='$${TAR-tar}'
AM_BACKSLASH='\'
AM_DEFAULT_V='$(AM_DEFAULT_VERBOSITY)'
AM_DEFAULT_VERBOSITY='1'
AM_V='$(V)'
AR='ar'
AS='as'
AUTOCONF='${SHELL} /Users/yen/Desktop/libltc-1.3.1/missing autoconf'
AUTOHEADER='${SHELL} /Users/yen/Desktop/libltc-1.3.1/missing autoheader'
AUTOMAKE='${SHELL} /Users/yen/Desktop/libltc-1.3.1/missing automake-1.16'
AWK='awk'
CC='gcc'
CCDEPMODE='depmode=gcc3'
CFLAGS='-g -O2'
CPP='gcc -E'
CPPFLAGS=''
CYGPATH_W='echo'
DEFS='-DHAVE_CONFIG_H'
DEPDIR='.deps'
DLLTOOL='false'
DOXYGEN='no'
DSYMUTIL='dsymutil'
DUMPBIN=''
ECHO_C='\c'
ECHO_N=''
ECHO_T=''
EGREP='/usr/bin/grep -E'
EXEEXT=''
FGREP='/usr/bin/grep -F'
GREP='/usr/bin/grep'
INSTALL_DATA='${INSTALL} -m 644'
INSTALL_PROGRAM='${INSTALL}'
INSTALL_SCRIPT='${INSTALL}'
INSTALL_STRIP_PROGRAM='$(install_sh) -c -s'
LD='/Users/yen/Desktop/Xcode.app/Contents/Developer/Toolchains/XcodeDefault.xctoolchain/usr/bin/ld'
LDFLAGS='-no-undefined'
LIBLTC_CFLAGS='-Wall'
LIBLTC_LDFLAGS='-export-symbols-regex '\''^(ltc_).*'\'''
LIBOBJS=''
LIBS=''
LIBTOOL='$(SHELL) $(top_builddir)/libtool'
LIPO='lipo'
LN_S='ln -s'
LTLIBOBJS=''
LT_SYS_LIBRARY_PATH=''
MAKEINFO='${SHELL} /Users/yen/Desktop/libltc-1.3.1/missing makeinfo'
MANIFEST_TOOL=':'
MKDIR_P='./install-sh -c -d'
NM='/usr/bin/nm -B'
NMEDIT='nmedit'
OBJDUMP='objdump'
OBJEXT='o'
OTOOL64=':'
OTOOL='otool'
PACKAGE='libltc'
PACKAGE_BUGREPORT='robin@gareus.org'
PACKAGE_NAME='libltc'
PACKAGE_STRING='libltc -'
PACKAGE_TARNAME='libltc'
PACKAGE_URL='http://x42.github.com/libltc/'
PACKAGE_VERSION='-'
PATH_SEPARATOR=':'
RANLIB='ranlib'
SED='/usr/bin/sed'
SET_MAKE=''
SHELL='/bin/sh'
STRIP='strip'
VERSION='1.3.1'
VERSION_INFO='12:0:1'
ac_ct_AR='ar'
ac_ct_CC='gcc'
ac_ct_DUMPBIN=''
am__EXEEXT_FALSE=''
am__EXEEXT_TRUE='#'
am__fastdepCC_FALSE='#'
am__fastdepCC_TRUE=''
am__include='include'
am__isrc=''
am__leading_dot='.'
am__nodep='_no'
am__quote=''
am__tar='$${TAR-tar} chof - "$$tardir"'
am__untar='$${TAR-tar} xf -'
bindir='${exec_prefix}/bin'
build='x86_64-apple-darwin18.6.0'
build_alias=''
build_cpu='x86_64'
build_os='darwin18.6.0'
build_vendor='apple'
datadir='${datarootdir}'
datarootdir='${prefix}/share'
docdir='${datarootdir}/doc/${PACKAGE_TARNAME}'
dvidir='${docdir}'
exec_prefix='${prefix}'
host='x86_64-apple-darwin18.6.0'
host_alias=''
host_cpu='x86_64'
host_os='darwin18.6.0'
host_vendor='apple'
htmldir='${docdir}'
includedir='${prefix}/include'
infodir='${datarootdir}/info'
install_sh='${SHELL} /Users/yen/Desktop/libltc-1.3.1/install-sh'
libdir='${exec_prefix}/lib'
libexecdir='${exec_prefix}/libexec'
localedir='${datarootdir}/locale'
localstatedir='${prefix}/var'
mandir='${datarootdir}/man'
mkdir_p='$(MKDIR_P)'
oldincludedir='/usr/include'
pdfdir='${docdir}'
prefix='/usr/local/lib/erlang/lib'
program_transform_name='s,x,x,'
psdir='${docdir}'
sbindir='${exec_prefix}/sbin'
sharedstatedir='${prefix}/com'
subdirs='src doc tests'
sysconfdir='${prefix}/etc'
target='x86_64-apple-darwin18.6.0'
target_alias=''
target_cpu='x86_64'
target_os='darwin18.6.0'
target_vendor='apple'

## ----------- ##
## confdefs.h. ##
## ----------- ##

/* confdefs.h */
#define PACKAGE_NAME "libltc"
#define PACKAGE_TARNAME "libltc"
#define PACKAGE_VERSION "-"
#define PACKAGE_STRING "libltc -"
#define PACKAGE_BUGREPORT "robin@gareus.org"
#define PACKAGE_URL "http://x42.github.com/libltc/"
#define PACKAGE "libltc"
#define VERSION "1.3.1"
#define STDC_HEADERS 1
#define HAVE_SYS_TYPES_H 1
#define HAVE_SYS_STAT_H 1
#define HAVE_STDLIB_H 1
#define HAVE_STRING_H 1
#define HAVE_MEMORY_H 1
#define HAVE_STRINGS_H 1
#define HAVE_INTTYPES_H 1
#define HAVE_STDINT_H 1
#define HAVE_UNISTD_H 1
#define HAVE_DLFCN_H 1
#define LT_OBJDIR ".libs/"
#define HAVE_STDIO_H 1
#define HAVE_STDLIB_H 1
#define HAVE_STRING_H 1
#define HAVE_UNISTD_H 1
#define HAVE_MATH_H 1
#define HAVE_STDINT_H 1

configure: exit 0
